[optimization-fixes a303e97] 4f114e38-fa2a-4fdc-95f3-494068ad08d5
 84 files changed, 5315 insertions(+), 58 deletions(-)
 create mode 100644 .build/cache/config.json
 create mode 100644 .build/diagnostics/build-diagnostics.json
 create mode 100644 .build/diagnostics/framework.json
 create mode 100644 .build/package.json
 create mode 100644 .build/trace
 create mode 100644 .build/trace-build
 create mode 100644 .build/types/routes.d.ts
 create mode 100644 .build/types/validator.ts
 create mode 100644 .logs/20260409-124842-1e36ec3f8ebc494b8a4504a837bcce2b.err
 create mode 100644 .logs/20260409-124842-1e36ec3f8ebc494b8a4504a837bcce2b.out
 create mode 100644 .logs/20260409-124842-1e36ec3f8ebc494b8a4504a837bcce2b.retcode
 create mode 100644 .logs/20260409-124903-974b314312d24d48920ef99ecfe604fd.err
 create mode 100644 .logs/20260409-124903-974b314312d24d48920ef99ecfe604fd.out
 create mode 100644 .logs/20260409-124903-974b314312d24d48920ef99ecfe604fd.retcode
 create mode 100644 .logs/20260409-125210-fc938bc775dd4c89be08d3b3a3ff03f4.err
 create mode 100644 .logs/20260409-125210-fc938bc775dd4c89be08d3b3a3ff03f4.out
 create mode 100644 .logs/20260409-125210-fc938bc775dd4c89be08d3b3a3ff03f4.retcode
 create mode 100644 .logs/20260409-125211-61e5e1164d3f410980a0502279171d72.err
 create mode 100644 .logs/20260409-125211-61e5e1164d3f410980a0502279171d72.out
 create mode 100644 .logs/20260409-125211-61e5e1164d3f410980a0502279171d72.retcode
 create mode 100644 .logs/20260409-125321-7b3aa3cf910f456b8c6e43800b22e4bf.err
 create mode 100644 .logs/20260409-125321-7b3aa3cf910f456b8c6e43800b22e4bf.out
 create mode 100644 .logs/20260409-125321-7b3aa3cf910f456b8c6e43800b22e4bf.retcode
 create mode 100644 .logs/20260409-125408-0fecb178cb65401787fbe1003491e420.err
 create mode 100644 .logs/20260409-125408-0fecb178cb65401787fbe1003491e420.out
 create mode 100644 .logs/20260409-125408-0fecb178cb65401787fbe1003491e420.retcode
 create mode 100644 .logs/20260409-125408-3149d84834b64fe19f5b53f79b8cf7a8.err
 create mode 100644 .logs/20260409-125408-3149d84834b64fe19f5b53f79b8cf7a8.out
 create mode 100644 .logs/20260409-125408-3149d84834b64fe19f5b53f79b8cf7a8.retcode
 create mode 100644 .logs/20260409-125409-0a2882ff4b454b958f06c875041b6d06.err
 create mode 100644 .logs/20260409-125409-0a2882ff4b454b958f06c875041b6d06.out
 create mode 100644 .logs/20260409-125409-0a2882ff4b454b958f06c875041b6d06.retcode
 create mode 100644 .logs/20260409-125437-3250219d5ff64045b2f300243852287e.err
 create mode 100644 .logs/20260409-125437-3250219d5ff64045b2f300243852287e.out
 create mode 100644 .logs/20260409-125437-3250219d5ff64045b2f300243852287e.retcode
 create mode 100644 .logs/20260409-125438-65b84c5302c048779f2007e90b89e880.err
 create mode 100644 .logs/20260409-125438-65b84c5302c048779f2007e90b89e880.out
 create mode 100644 .logs/20260409-125438-65b84c5302c048779f2007e90b89e880.retcode
 create mode 100644 .logs/20260409-125439-272840ac525e48d1827623529582d0f6.err
 create mode 100644 .logs/20260409-125439-272840ac525e48d1827623529582d0f6.out
 create mode 100644 .logs/20260409-125439-272840ac525e48d1827623529582d0f6.retcode
 create mode 100644 .logs/20260409-125515-453174ddd0a148d6a4bbcd4f6a33b6e3.err
 create mode 100644 .logs/20260409-125515-453174ddd0a148d6a4bbcd4f6a33b6e3.out
 create mode 100644 .logs/20260409-125515-453174ddd0a148d6a4bbcd4f6a33b6e3.retcode
 create mode 100644 .logs/20260409-125515-9c5092d5c00e44038f5d1d4f7911eb95.err
 create mode 100644 .logs/20260409-125515-9c5092d5c00e44038f5d1d4f7911eb95.out
 create mode 100644 .logs/20260409-125515-9c5092d5c00e44038f5d1d4f7911eb95.retcode
 create mode 100644 .logs/20260409-125517-93c8fff39b304dd99a5d24dccfe22c92.err
 create mode 100644 .logs/20260409-125517-93c8fff39b304dd99a5d24dccfe22c92.out
 create mode 100644 .logs/20260409-125517-93c8fff39b304dd99a5d24dccfe22c92.retcode
 create mode 100644 .logs/20260409-125646-18d3e0d67ce94b78befe78329caafe73.err
 create mode 100644 .logs/20260409-125646-18d3e0d67ce94b78befe78329caafe73.out
 create mode 100644 .project_instructions.md
 create mode 100644 nextjs_space/.env
 create mode 120000 nextjs_space/.next
 create mode 100644 nextjs_space/.yarn/install-state.gz
 create mode 120000 nextjs_space/bun.lock
 create mode 100644 nextjs_space/next.config.js
 create mode 120000 nextjs_space/node_modules
 create mode 120000 nextjs_space/package-lock.json
 create mode 120000 nextjs_space/package.json
 create mode 120000 nextjs_space/postcss.config.mjs
 create mode 120000 nextjs_space/prisma
 create mode 120000 nextjs_space/public
 create mode 120000 nextjs_space/src
 create mode 120000 nextjs_space/tailwind.config.ts
 create mode 120000 nextjs_space/tsconfig.json
 create mode 120000 nextjs_space/yarn.lock
 create mode 100644 src/app/admin/voice-receptionist/page.tsx
 create mode 100644 src/app/api/retell/analytics/route.ts
 create mode 100644 src/app/api/retell/calls/[id]/route.ts
 create mode 100644 src/app/api/retell/calls/route.ts
 create mode 100644 src/app/api/retell/config/route.ts
 create mode 100644 src/app/api/retell/test-call/route.ts
 create mode 100644 src/app/api/retell/webhook/route.ts
 create mode 100644 src/lib/retell-auth.ts
 create mode 100644 src/lib/retell-handler.ts
###a303e97d381c8e96ffe344d11472d0c449aa6435###
